<?xml version="1.0" encoding="UTF-8"?>
<!-- Generated by org.testng.reporters.JUnitXMLReporter -->
<testsuite hostname="EVS01CPB367" ignored="0" name="Default test" tests="53" failures="2" timestamp="09 Jun 2017 08:02:13 GMT" time="667.55" errors="0">
  <testcase name="testlogin" time="7.553" classname="testcases.HybridExecuteTest"/>
  <testcase name="testlogin" time="4.611" classname="testcases.HybridExecuteTest"/>
  <testcase name="testlogin" time="0.142" classname="testcases.HybridExecuteTest"/>
  <testcase name="testlogin" time="0.072" classname="testcases.HybridExecuteTest"/>
  <testcase name="testlogin" time="0.051" classname="testcases.HybridExecuteTest"/>
  <testcase name="testlogin" time="0.828" classname="testcases.HybridExecuteTest"/>
  <testcase name="testlogin" time="0.001" classname="testcases.HybridExecuteTest"/>
  <testcase name="testlogin" time="7.114" classname="testcases.HybridExecuteTest"/>
  <testcase name="testlogin" time="4.777" classname="testcases.HybridExecuteTest"/>
  <testcase name="testlogin" time="0.139" classname="testcases.HybridExecuteTest"/>
  <testcase name="testlogin" time="0.07" classname="testcases.HybridExecuteTest"/>
  <testcase name="testlogin" time="0.057" classname="testcases.HybridExecuteTest"/>
  <testcase name="testlogin" time="0.817" classname="testcases.HybridExecuteTest"/>
  <testcase name="testlogin" time="3.478" classname="testcases.HybridExecuteTest"/>
  <testcase name="testlogin" time="0.035" classname="testcases.HybridExecuteTest">
    <failure type="org.openqa.selenium.NoSuchElementException" message="Unable to locate element: #Upload\ Comps
For documentation on this error, please visit: http://seleniumhq.org/exceptions/no_such_element.html
Build info: version: &amp;apos;3.4.0&amp;apos;, revision: &amp;apos;unknown&amp;apos;, time: &amp;apos;unknown&amp;apos;
System info: host: &amp;apos;EVS01CPB367&amp;apos;, ip: &amp;apos;172.16.30.90&amp;apos;, os.name: &amp;apos;Windows 7&amp;apos;, os.arch: &amp;apos;amd64&amp;apos;, os.version: &amp;apos;6.1&amp;apos;, java.version: &amp;apos;1.8.0_131&amp;apos;
Driver info: org.openqa.selenium.firefox.FirefoxDriver
Capabilities [{moz:profile=C:\Users\SWETA~1.KUM\AppData\Local\Temp\rust_mozprofile.QA1hYluiJtUS, rotatable=false, timeouts={implicit=0.0, pageLoad=300000.0, script=30000.0}, pageLoadStrategy=normal, platform=ANY, specificationLevel=0.0, moz:accessibilityChecks=false, acceptInsecureCerts=false, browserVersion=53.0.3, platformVersion=6.1, moz:processID=7476.0, browserName=firefox, javascriptEnabled=true, platformName=windows_nt}]
Session ID: 5f3de33b-148d-481a-bfee-913f5be0b8be
*** Element info: {Using=id, value=Upload Comps}">
      <![CDATA[org.openqa.selenium.NoSuchElementException: Unable to locate element: #Upload\ Comps
For documentation on this error, please visit: http://seleniumhq.org/exceptions/no_such_element.html
Build info: version: '3.4.0', revision: 'unknown', time: 'unknown'
System info: host: 'EVS01CPB367', ip: '172.16.30.90', os.name: 'Windows 7', os.arch: 'amd64', os.version: '6.1', java.version: '1.8.0_131'
Driver info: org.openqa.selenium.firefox.FirefoxDriver
Capabilities [{moz:profile=C:\Users\SWETA~1.KUM\AppData\Local\Temp\rust_mozprofile.QA1hYluiJtUS, rotatable=false, timeouts={implicit=0.0, pageLoad=300000.0, script=30000.0}, pageLoadStrategy=normal, platform=ANY, specificationLevel=0.0, moz:accessibilityChecks=false, acceptInsecureCerts=false, browserVersion=53.0.3, platformVersion=6.1, moz:processID=7476.0, browserName=firefox, javascriptEnabled=true, platformName=windows_nt}]
Session ID: 5f3de33b-148d-481a-bfee-913f5be0b8be
*** Element info: {Using=id, value=Upload Comps}
	at sun.reflect.NativeConstructorAccessorImpl.newInstance0(Native Method)
	at sun.reflect.NativeConstructorAccessorImpl.newInstance(Unknown Source)
	at sun.reflect.DelegatingConstructorAccessorImpl.newInstance(Unknown Source)
	at java.lang.reflect.Constructor.newInstance(Unknown Source)
	at org.openqa.selenium.remote.http.W3CHttpResponseCodec.createException(W3CHttpResponseCodec.java:150)
	at org.openqa.selenium.remote.http.W3CHttpResponseCodec.decode(W3CHttpResponseCodec.java:115)
	at org.openqa.selenium.remote.http.W3CHttpResponseCodec.decode(W3CHttpResponseCodec.java:45)
	at org.openqa.selenium.remote.HttpCommandExecutor.execute(HttpCommandExecutor.java:164)
	at org.openqa.selenium.remote.service.DriverCommandExecutor.execute(DriverCommandExecutor.java:82)
	at org.openqa.selenium.remote.RemoteWebDriver.execute(RemoteWebDriver.java:637)
	at org.openqa.selenium.remote.RemoteWebDriver.findElement(RemoteWebDriver.java:410)
	at org.openqa.selenium.remote.RemoteWebDriver.findElementById(RemoteWebDriver.java:453)
	at org.openqa.selenium.By$ById.findElement(By.java:218)
	at org.openqa.selenium.remote.RemoteWebDriver.findElement(RemoteWebDriver.java:402)
	at operation.UIoperations.perform(UIoperations.java:27)
	at testcases.HybridExecuteTest.testlogin(HybridExecuteTest.java:60)
	at sun.reflect.NativeMethodAccessorImpl.invoke0(Native Method)
	at sun.reflect.NativeMethodAccessorImpl.invoke(Unknown Source)
	at sun.reflect.DelegatingMethodAccessorImpl.invoke(Unknown Source)
	at java.lang.reflect.Method.invoke(Unknown Source)
	at org.testng.internal.MethodInvocationHelper.invokeMethod(MethodInvocationHelper.java:104)
	at org.testng.internal.Invoker.invokeMethod(Invoker.java:645)
	at org.testng.internal.Invoker.invokeTestMethod(Invoker.java:851)
	at org.testng.internal.Invoker.invokeTestMethods(Invoker.java:1177)
	at org.testng.internal.TestMethodWorker.invokeTestMethods(TestMethodWorker.java:129)
	at org.testng.internal.TestMethodWorker.run(TestMethodWorker.java:112)
	at org.testng.TestRunner.privateRun(TestRunner.java:756)
	at org.testng.TestRunner.run(TestRunner.java:610)
	at org.testng.SuiteRunner.runTest(SuiteRunner.java:387)
	at org.testng.SuiteRunner.runSequentially(SuiteRunner.java:382)
	at org.testng.SuiteRunner.privateRun(SuiteRunner.java:340)
	at org.testng.SuiteRunner.run(SuiteRunner.java:289)
	at org.testng.SuiteRunnerWorker.runSuite(SuiteRunnerWorker.java:52)
	at org.testng.SuiteRunnerWorker.run(SuiteRunnerWorker.java:86)
	at org.testng.TestNG.runSuitesSequentially(TestNG.java:1293)
	at org.testng.TestNG.runSuitesLocally(TestNG.java:1218)
	at org.testng.TestNG.runSuites(TestNG.java:1133)
	at org.testng.TestNG.run(TestNG.java:1104)
	at org.testng.remote.AbstractRemoteTestNG.run(AbstractRemoteTestNG.java:132)
	at org.testng.remote.RemoteTestNG.initAndRun(RemoteTestNG.java:236)
	at org.testng.remote.RemoteTestNG.main(RemoteTestNG.java:81)
]]>
    </failure>
  </testcase> <!-- testlogin -->
  <testcase name="testlogin" time="50.039" classname="testcases.HybridExecuteTest"/>
  <testcase name="testlogin" time="0.109" classname="testcases.HybridExecuteTest"/>
  <testcase name="testlogin" time="50.015" classname="testcases.HybridExecuteTest"/>
  <testcase name="testlogin" time="0.046" classname="testcases.HybridExecuteTest">
    <failure type="org.openqa.selenium.ElementNotInteractableException" message="
Build info: version: &amp;apos;3.4.0&amp;apos;, revision: &amp;apos;unknown&amp;apos;, time: &amp;apos;unknown&amp;apos;
System info: host: &amp;apos;EVS01CPB367&amp;apos;, ip: &amp;apos;172.16.30.90&amp;apos;, os.name: &amp;apos;Windows 7&amp;apos;, os.arch: &amp;apos;amd64&amp;apos;, os.version: &amp;apos;6.1&amp;apos;, java.version: &amp;apos;1.8.0_131&amp;apos;
Driver info: org.openqa.selenium.firefox.FirefoxDriver
Capabilities [{moz:profile=C:\Users\SWETA~1.KUM\AppData\Local\Temp\rust_mozprofile.QA1hYluiJtUS, rotatable=false, timeouts={implicit=0.0, pageLoad=300000.0, script=30000.0}, pageLoadStrategy=normal, platform=ANY, specificationLevel=0.0, moz:accessibilityChecks=false, acceptInsecureCerts=false, browserVersion=53.0.3, platformVersion=6.1, moz:processID=7476.0, browserName=firefox, javascriptEnabled=true, platformName=windows_nt}]
Session ID: 5f3de33b-148d-481a-bfee-913f5be0b8be">
      <![CDATA[org.openqa.selenium.ElementNotInteractableException: 
Build info: version: '3.4.0', revision: 'unknown', time: 'unknown'
System info: host: 'EVS01CPB367', ip: '172.16.30.90', os.name: 'Windows 7', os.arch: 'amd64', os.version: '6.1', java.version: '1.8.0_131'
Driver info: org.openqa.selenium.firefox.FirefoxDriver
Capabilities [{moz:profile=C:\Users\SWETA~1.KUM\AppData\Local\Temp\rust_mozprofile.QA1hYluiJtUS, rotatable=false, timeouts={implicit=0.0, pageLoad=300000.0, script=30000.0}, pageLoadStrategy=normal, platform=ANY, specificationLevel=0.0, moz:accessibilityChecks=false, acceptInsecureCerts=false, browserVersion=53.0.3, platformVersion=6.1, moz:processID=7476.0, browserName=firefox, javascriptEnabled=true, platformName=windows_nt}]
Session ID: 5f3de33b-148d-481a-bfee-913f5be0b8be
	at sun.reflect.NativeConstructorAccessorImpl.newInstance0(Native Method)
	at sun.reflect.NativeConstructorAccessorImpl.newInstance(Unknown Source)
	at sun.reflect.DelegatingConstructorAccessorImpl.newInstance(Unknown Source)
	at java.lang.reflect.Constructor.newInstance(Unknown Source)
	at org.openqa.selenium.remote.http.W3CHttpResponseCodec.createException(W3CHttpResponseCodec.java:150)
	at org.openqa.selenium.remote.http.W3CHttpResponseCodec.decode(W3CHttpResponseCodec.java:115)
	at org.openqa.selenium.remote.http.W3CHttpResponseCodec.decode(W3CHttpResponseCodec.java:45)
	at org.openqa.selenium.remote.HttpCommandExecutor.execute(HttpCommandExecutor.java:164)
	at org.openqa.selenium.remote.service.DriverCommandExecutor.execute(DriverCommandExecutor.java:82)
	at org.openqa.selenium.remote.RemoteWebDriver.execute(RemoteWebDriver.java:637)
	at org.openqa.selenium.remote.RemoteWebElement.execute(RemoteWebElement.java:272)
	at org.openqa.selenium.remote.RemoteWebElement.click(RemoteWebElement.java:82)
	at operation.UIoperations.perform(UIoperations.java:27)
	at testcases.HybridExecuteTest.testlogin(HybridExecuteTest.java:60)
	at sun.reflect.GeneratedMethodAccessor1.invoke(Unknown Source)
	at sun.reflect.DelegatingMethodAccessorImpl.invoke(Unknown Source)
	at java.lang.reflect.Method.invoke(Unknown Source)
	at org.testng.internal.MethodInvocationHelper.invokeMethod(MethodInvocationHelper.java:104)
	at org.testng.internal.Invoker.invokeMethod(Invoker.java:645)
	at org.testng.internal.Invoker.invokeTestMethod(Invoker.java:851)
	at org.testng.internal.Invoker.invokeTestMethods(Invoker.java:1177)
	at org.testng.internal.TestMethodWorker.invokeTestMethods(TestMethodWorker.java:129)
	at org.testng.internal.TestMethodWorker.run(TestMethodWorker.java:112)
	at org.testng.TestRunner.privateRun(TestRunner.java:756)
	at org.testng.TestRunner.run(TestRunner.java:610)
	at org.testng.SuiteRunner.runTest(SuiteRunner.java:387)
	at org.testng.SuiteRunner.runSequentially(SuiteRunner.java:382)
	at org.testng.SuiteRunner.privateRun(SuiteRunner.java:340)
	at org.testng.SuiteRunner.run(SuiteRunner.java:289)
	at org.testng.SuiteRunnerWorker.runSuite(SuiteRunnerWorker.java:52)
	at org.testng.SuiteRunnerWorker.run(SuiteRunnerWorker.java:86)
	at org.testng.TestNG.runSuitesSequentially(TestNG.java:1293)
	at org.testng.TestNG.runSuitesLocally(TestNG.java:1218)
	at org.testng.TestNG.runSuites(TestNG.java:1133)
	at org.testng.TestNG.run(TestNG.java:1104)
	at org.testng.remote.AbstractRemoteTestNG.run(AbstractRemoteTestNG.java:132)
	at org.testng.remote.RemoteTestNG.initAndRun(RemoteTestNG.java:236)
	at org.testng.remote.RemoteTestNG.main(RemoteTestNG.java:81)
]]>
    </failure>
  </testcase> <!-- testlogin -->
  <testcase name="testlogin" time="50.005" classname="testcases.HybridExecuteTest"/>
  <testcase name="testlogin" time="50.013" classname="testcases.HybridExecuteTest"/>
  <testcase name="testlogin" time="50.004" classname="testcases.HybridExecuteTest"/>
  <testcase name="testlogin" time="49.972" classname="testcases.HybridExecuteTest"/>
  <testcase name="testlogin" time="50.035" classname="testcases.HybridExecuteTest"/>
  <testcase name="testlogin" time="50.001" classname="testcases.HybridExecuteTest"/>
  <testcase name="testlogin" time="0.0" classname="testcases.HybridExecuteTest"/>
  <testcase name="testlogin" time="5.937" classname="testcases.HybridExecuteTest"/>
  <testcase name="testlogin" time="11.4" classname="testcases.HybridExecuteTest"/>
  <testcase name="testlogin" time="0.153" classname="testcases.HybridExecuteTest"/>
  <testcase name="testlogin" time="0.076" classname="testcases.HybridExecuteTest"/>
  <testcase name="testlogin" time="0.047" classname="testcases.HybridExecuteTest"/>
  <testcase name="testlogin" time="1.069" classname="testcases.HybridExecuteTest"/>
  <testcase name="testlogin" time="3.225" classname="testcases.HybridExecuteTest"/>
  <testcase name="testlogin" time="0.193" classname="testcases.HybridExecuteTest"/>
  <testcase name="testlogin" time="50.038" classname="testcases.HybridExecuteTest"/>
  <testcase name="testlogin" time="0.078" classname="testcases.HybridExecuteTest"/>
  <testcase name="testlogin" time="50.005" classname="testcases.HybridExecuteTest"/>
  <testcase name="testlogin" time="0.078" classname="testcases.HybridExecuteTest"/>
  <testcase name="testlogin" time="0.063" classname="testcases.HybridExecuteTest"/>
  <testcase name="testlogin" time="50.021" classname="testcases.HybridExecuteTest"/>
  <testcase name="testlogin" time="0.063" classname="testcases.HybridExecuteTest"/>
  <testcase name="testlogin" time="0.0" classname="testcases.HybridExecuteTest"/>
  <testcase name="testlogin" time="0.015" classname="testcases.HybridExecuteTest"/>
  <testcase name="testlogin" time="8.264" classname="testcases.HybridExecuteTest"/>
  <testcase name="testlogin" time="0.121" classname="testcases.HybridExecuteTest"/>
  <testcase name="testlogin" time="2.247" classname="testcases.HybridExecuteTest"/>
  <testcase name="testlogin" time="0.05" classname="testcases.HybridExecuteTest"/>
  <testcase name="testlogin" time="0.074" classname="testcases.HybridExecuteTest"/>
  <testcase name="testlogin" time="2.581" classname="testcases.HybridExecuteTest"/>
  <testcase name="testlogin" time="0.183" classname="testcases.HybridExecuteTest"/>
  <testcase name="testlogin" time="50.037" classname="testcases.HybridExecuteTest"/>
  <testcase name="testlogin" time="0.203" classname="testcases.HybridExecuteTest"/>
  <testcase name="testlogin" time="0.0" classname="testcases.HybridExecuteTest"/>
</testsuite> <!-- Default test -->
